<?xml version="1.0" encoding="UTF-8"?>
<testng-results skipped="0" failed="0" total="0" passed="0">
  <reporter-output>
  </reporter-output>
  <suite name="Selenium.mvn_abc.AppTest" duration-ms="2" started-at="2016-07-08T14:39:32Z" finished-at="2016-07-08T14:39:32Z">
    <groups>
    </groups>
    <test name="Command line test" duration-ms="2" started-at="2016-07-08T14:39:32Z" finished-at="2016-07-08T14:39:32Z">
    </test> <!-- Command line test -->
  </suite> <!-- Selenium.mvn_abc.AppTest -->
</testng-results>
